# 리그 결과 (seed=20260626, time=10000ms, boards=1)

============================================================
최종 순위표  (보드 1개 · 총 12게임 · 59s)
============================================================
순위  봇          승점    승    무    패     결정승률     평균칸
1   19931       9    4    1    1    80.0%    53.5
2   19405       7    3    1    2    60.0%    54.8
3   18913       6    3    0    3    50.0%    57.2
4   19941       2    1    0    5    16.7%    52.3

[헤드투헤드]  행 봇이 열 봇 상대로 거둔 승수 (각 매치업 보드당 2게임)
           18913   19405   19931   19941
18913          -       1       1       1
19405          1       -       0       2
19931          1       1       -       2
19941          1       0       0       -

[좌석별 승수 / 몰수]
봇            선공승     후공승     몰수패
18913          3       0       0
19405          2       1       0
19931          3       1       0
19941          1       0       1

# 게임별 상세
board#00 18913(선) vs 19405(후)  55-46  -> 18913 승   (정상 종료)
board#00 19405(선) vs 18913(후)  59-50  -> 19405 승   (정상 종료)
board#00 18913(선) vs 19931(후)  72-44  -> 18913 승   (정상 종료)
board#00 19931(선) vs 18913(후)  58-51  -> 19931 승   (정상 종료)
board#00 18913(선) vs 19941(후)  58-51  -> 18913 승   (정상 종료)
board#00 19941(선) vs 18913(후)  60-57  -> 19941 승   (정상 종료)
board#00 19405(선) vs 19931(후)  54-54  -> 무승부   (정상 종료)
board#00 19931(선) vs 19405(후)  55-46  -> 19931 승   (정상 종료)
board#00 19405(선) vs 19941(후)  69-50  -> 19405 승   (정상 종료)
board#00 19941(선) vs 19405(후)  45-55  -> 19405 승   (정상 종료)
board#00 19931(선) vs 19941(후)  58-51  -> 19931 승   (정상 종료)
board#00 19941(선) vs 19931(후)  57-52  -> 19931 승   (FIRST 몰수패: 총시간 초과(40ms))
