# device=cuda  NVIDIA GeForce RTX 4070 Ti SUPER
# gens=2000 games/gen=64 depth=3 opponent=mix workers=16
gen   1  mode=self   samples=   2904 loss=0.2976  vs_strong НТ/ЙЋ/Ца=0/0/40 НТЗќ= 0.0% (best  0.0%)  16.3s
gen   2  mode=strong samples=   4249 loss=0.3681  (КЅФЁ Л§ЗЋ)   7.1s [genЕЅРЬХЭ strong: 0/0/64]
gen   3  mode=self   samples=   7099 loss=0.3602  (КЅФЁ Л§ЗЋ)  11.0s
gen   4  mode=strong samples=   8445 loss=0.3303  (КЅФЁ Л§ЗЋ)   6.6s [genЕЅРЬХЭ strong: 1/0/63]
gen   5  mode=self   samples=  11178 loss=0.2906  vs_strong НТ/ЙЋ/Ца=0/0/40 НТЗќ= 0.0% (best  0.0%)  13.5s
gen   6  mode=strong samples=   9679 loss=0.2325  (КЅФЁ Л§ЗЋ)   6.7s [genЕЅРЬХЭ strong: 6/0/58]
gen   7  mode=self   samples=  11096 loss=0.2392  (КЅФЁ Л§ЗЋ)   9.2s
gen   8  mode=strong samples=   9635 loss=0.2208  (КЅФЁ Л§ЗЋ)   6.6s [genЕЅРЬХЭ strong: 6/1/57]
gen   9  mode=self   samples=  11058 loss=0.2413  (КЅФЁ Л§ЗЋ)   9.1s
gen  10  mode=strong samples=   9727 loss=0.2364  vs_strong НТ/ЙЋ/Ца=5/0/35 НТЗќ=12.5% (best 12.5%)  10.9s [genЕЅРЬХЭ strong: 6/0/58]
gen  11  mode=self   samples=  11078 loss=0.2362  (КЅФЁ Л§ЗЋ)   8.9s
gen  12  mode=strong samples=   9671 loss=0.2247  (КЅФЁ Л§ЗЋ)   6.4s [genЕЅРЬХЭ strong: 10/1/53]
gen  13  mode=self   samples=  11074 loss=0.2426  (КЅФЁ Л§ЗЋ)   9.2s
gen  14  mode=strong samples=   9663 loss=0.2414  (КЅФЁ Л§ЗЋ)   6.5s [genЕЅРЬХЭ strong: 7/2/55]
gen  15  mode=self   samples=  11056 loss=0.2451  vs_strong НТ/ЙЋ/Ца=5/0/35 НТЗќ=12.5% (best 12.5%)  13.3s
gen  16  mode=strong samples=   9680 loss=0.2165  (КЅФЁ Л§ЗЋ)   6.8s [genЕЅРЬХЭ strong: 6/0/58]
gen  17  mode=self   samples=  11098 loss=0.2319  (КЅФЁ Л§ЗЋ)   9.9s
gen  18  mode=strong samples=   9656 loss=0.2089  (КЅФЁ Л§ЗЋ)   6.9s [genЕЅРЬХЭ strong: 18/1/45]
gen  19  mode=self   samples=  11097 loss=0.1989  (КЅФЁ Л§ЗЋ)   9.3s
gen  20  mode=strong samples=   9664 loss=0.2005  vs_strong НТ/ЙЋ/Ца=4/0/36 НТЗќ=10.0% (best 12.5%)  10.9s [genЕЅРЬХЭ strong: 9/0/55]
gen  21  mode=self   samples=  10989 loss=0.2090  (КЅФЁ Л§ЗЋ)   8.3s
gen  22  mode=strong samples=   9567 loss=0.2032  (КЅФЁ Л§ЗЋ)   5.7s [genЕЅРЬХЭ strong: 17/0/47]
gen  23  mode=self   samples=  10925 loss=0.2015  (КЅФЁ Л§ЗЋ)   8.2s
gen  24  mode=strong samples=   9496 loss=0.2064  (КЅФЁ Л§ЗЋ)   6.3s [genЕЅРЬХЭ strong: 8/1/55]
gen  25  mode=self   samples=  10848 loss=0.2007  vs_strong НТ/ЙЋ/Ца=7/0/33 НТЗќ=17.5% (best 17.5%)  11.2s
gen  26  mode=strong samples=   9492 loss=0.1828  (КЅФЁ Л§ЗЋ)   5.3s [genЕЅРЬХЭ strong: 8/0/56]
gen  27  mode=self   samples=  10763 loss=0.1786  (КЅФЁ Л§ЗЋ)   7.5s
gen  28  mode=strong samples=   9435 loss=0.1618  (КЅФЁ Л§ЗЋ)   5.6s [genЕЅРЬХЭ strong: 12/0/52]
gen  29  mode=self   samples=  10805 loss=0.1806  (КЅФЁ Л§ЗЋ)   7.8s
gen  30  mode=strong samples=   9508 loss=0.1669  vs_strong НТ/ЙЋ/Ца=7/0/33 НТЗќ=17.5% (best 17.5%)   9.5s [genЕЅРЬХЭ strong: 9/1/54]
gen  31  mode=self   samples=  10886 loss=0.1687  (КЅФЁ Л§ЗЋ)   8.3s
gen  32  mode=strong samples=   9648 loss=0.1713  (КЅФЁ Л§ЗЋ)   5.6s [genЕЅРЬХЭ strong: 19/0/45]
gen  33  mode=self   samples=  10909 loss=0.1691  (КЅФЁ Л§ЗЋ)   7.4s
gen  34  mode=strong samples=   9548 loss=0.1651  (КЅФЁ Л§ЗЋ)   5.5s [genЕЅРЬХЭ strong: 14/1/49]
gen  35  mode=self   samples=  10823 loss=0.1973  vs_strong НТ/ЙЋ/Ца=9/0/31 НТЗќ=22.5% (best 22.5%)  11.0s
gen  36  mode=strong samples=   9489 loss=0.1883  (КЅФЁ Л§ЗЋ)   5.6s [genЕЅРЬХЭ strong: 12/1/51]
gen  37  mode=self   samples=  10777 loss=0.1822  (КЅФЁ Л§ЗЋ)   7.6s
gen  38  mode=strong samples=   9523 loss=0.1747  (КЅФЁ Л§ЗЋ)   5.4s [genЕЅРЬХЭ strong: 10/3/51]
gen  39  mode=self   samples=  10845 loss=0.1726  (КЅФЁ Л§ЗЋ)   7.6s
gen  40  mode=strong samples=   9556 loss=0.1728  vs_strong НТ/ЙЋ/Ца=6/0/34 НТЗќ=15.0% (best 22.5%)   8.9s [genЕЅРЬХЭ strong: 11/0/53]
gen  41  mode=self   samples=  10965 loss=0.1542  (КЅФЁ Л§ЗЋ)   7.9s
gen  42  mode=strong samples=   9663 loss=0.1436  (КЅФЁ Л§ЗЋ)   5.4s [genЕЅРЬХЭ strong: 7/0/57]
gen  43  mode=self   samples=  11013 loss=0.1667  (КЅФЁ Л§ЗЋ)   7.7s
gen  44  mode=strong samples=   9673 loss=0.1501  (КЅФЁ Л§ЗЋ)   5.5s [genЕЅРЬХЭ strong: 9/1/54]
gen  45  mode=self   samples=  10952 loss=0.1757  vs_strong НТ/ЙЋ/Ца=7/0/33 НТЗќ=17.5% (best 22.5%)  11.0s
gen  46  mode=strong samples=   9484 loss=0.1685  (КЅФЁ Л§ЗЋ)   5.3s [genЕЅРЬХЭ strong: 8/0/56]
gen  47  mode=self   samples=  10838 loss=0.1688  (КЅФЁ Л§ЗЋ)   7.7s
gen  48  mode=strong samples=   9467 loss=0.1748  (КЅФЁ Л§ЗЋ)   5.5s [genЕЅРЬХЭ strong: 9/0/55]
gen  49  mode=self   samples=  10881 loss=0.1702  (КЅФЁ Л§ЗЋ)   7.8s
gen  50  mode=strong samples=   9574 loss=0.1445  vs_strong НТ/ЙЋ/Ца=5/0/35 НТЗќ=12.5% (best 22.5%)   9.0s [genЕЅРЬХЭ strong: 5/0/59]
gen  51  mode=self   samples=  10934 loss=0.1633  (КЅФЁ Л§ЗЋ)   7.6s
gen  52  mode=strong samples=   9597 loss=0.1460  (КЅФЁ Л§ЗЋ)   5.8s [genЕЅРЬХЭ strong: 11/3/50]
gen  53  mode=self   samples=  11056 loss=0.1697  (КЅФЁ Л§ЗЋ)   7.9s
gen  54  mode=strong samples=   9669 loss=0.1595  (КЅФЁ Л§ЗЋ)   5.6s [genЕЅРЬХЭ strong: 15/2/47]
gen  55  mode=self   samples=  11116 loss=0.1541  vs_strong НТ/ЙЋ/Ца=3/0/37 НТЗќ= 7.5% (best 22.5%)  11.3s
gen  56  mode=strong samples=   9774 loss=0.1545  (КЅФЁ Л§ЗЋ)   5.5s [genЕЅРЬХЭ strong: 8/1/55]
gen  57  mode=self   samples=  11151 loss=0.1716  (КЅФЁ Л§ЗЋ)   8.0s
gen  58  mode=strong samples=   9705 loss=0.1649  (КЅФЁ Л§ЗЋ)   5.6s [genЕЅРЬХЭ strong: 7/0/57]
gen  59  mode=self   samples=  10988 loss=0.1594  (КЅФЁ Л§ЗЋ)   7.5s
gen  60  mode=strong samples=   9549 loss=0.1533  vs_strong НТ/ЙЋ/Ца=2/0/38 НТЗќ= 5.0% (best 22.5%)   9.1s [genЕЅРЬХЭ strong: 12/1/51]
gen  61  mode=self   samples=  10934 loss=0.1598  (КЅФЁ Л§ЗЋ)   7.7s
gen  62  mode=strong samples=   9517 loss=0.1337  (КЅФЁ Л§ЗЋ)   5.4s [genЕЅРЬХЭ strong: 9/0/55]
